<?xml version="1.0" encoding="UTF-8"?>
<!-- Generated by org.testng.reporters.JUnitReportReporter -->
<testsuite hostname="DESKTOP-8UOV5P4" failures="0" tests="4" name="Loginpage.Login_using_Dataproviders" time="29.744" errors="0" timestamp="21 Oct 2024 05:03:30 GMT" skipped="0">
  <testcase classname="Loginpage.Login_using_Dataproviders" name="correct_UsernameandPassword" time="18.620"/>
  <testcase classname="Loginpage.Login_using_Dataproviders" name="correct_UsernameandPassword" time="4.973"/>
  <testcase classname="Loginpage.Login_using_Dataproviders" name="correct_UsernameandPassword" time="3.097"/>
  <testcase classname="Loginpage.Login_using_Dataproviders" name="correct_UsernameandPassword" time="3.054"/>
</testsuite> <!-- Loginpage.Login_using_Dataproviders -->
