<?xml version="1.0" encoding="UTF-8"?>
<!-- Generated by org.testng.reporters.JUnitReportReporter -->
<testsuite hostname="DESKTOP-8UOV5P4" failures="0" tests="1" name="HRM_Loginpage.Correct_UP" time="3.902" errors="0" timestamp="17 Oct 2024 12:01:47 GMT" skipped="0">
  <testcase classname="HRM_Loginpage.Correct_UP" name="correct_UsernameandPassword" time="3.902"/>
</testsuite> <!-- HRM_Loginpage.Correct_UP -->
