<?xml version="1.0" encoding="UTF-8"?>
<!-- Generated by org.testng.reporters.JUnitReportReporter -->
<testsuite hostname="DESKTOP-8UOV5P4" failures="0" tests="1" name="Loginpage.Correct_U" time="3.060" errors="0" timestamp="18 Oct 2024 05:28:59 GMT" skipped="0">
  <testcase classname="Loginpage.Correct_U" name="correct_UsernameandIncorrect_Password" time="3.060"/>
</testsuite> <!-- Loginpage.Correct_U -->
