<?xml version="1.0" encoding="UTF-8"?>
<!-- Generated by org.testng.reporters.JUnitReportReporter -->
<testsuite hostname="DESKTOP-8UOV5P4" failures="0" tests="1" name="Loginpage.Correct_UP" time="4.219" errors="0" timestamp="18 Oct 2024 05:28:59 GMT" skipped="0">
  <testcase classname="Loginpage.Correct_UP" name="correct_UsernameandPassword" time="4.219"/>
</testsuite> <!-- Loginpage.Correct_UP -->
