<?xml version="1.0" encoding="UTF-8"?>
<!-- Generated by org.testng.reporters.JUnitReportReporter -->
<testsuite hostname="DESKTOP-8UOV5P4" failures="0" tests="4" name="Loginpage.JXL" time="12.410" errors="0" timestamp="18 Oct 2024 12:50:12 GMT" skipped="0">
  <testcase classname="Loginpage.JXL" name="login" time="0.311"/>
  <testcase classname="Loginpage.JXL" name="login" time="11.128"/>
  <testcase classname="Loginpage.JXL" name="login" time="0.628"/>
  <testcase classname="Loginpage.JXL" name="login" time="0.343"/>
</testsuite> <!-- Loginpage.JXL -->
