<?xml version="1.0" encoding="UTF-8"?>
<!-- Generated by org.testng.reporters.JUnitReportReporter -->
<testsuite hostname="DESKTOP-8UOV5P4" failures="0" tests="4" name="Loginpage.Apache_POI" time="13.609" errors="0" timestamp="21 Oct 2024 05:04:11 GMT" skipped="0">
  <testcase classname="Loginpage.Apache_POI" name="login" time="3.242"/>
  <testcase classname="Loginpage.Apache_POI" name="login" time="3.996"/>
  <testcase classname="Loginpage.Apache_POI" name="login" time="3.145"/>
  <testcase classname="Loginpage.Apache_POI" name="login" time="3.226"/>
</testsuite> <!-- Loginpage.Apache_POI -->
