<?xml version="1.0" encoding="UTF-8"?>
<!-- Generated by org.testng.reporters.JUnitReportReporter -->
<testsuite hostname="DESKTOP-8UOV5P4" failures="0" tests="1" name="Loginpage.Incorrect_UP" time="3.119" errors="0" timestamp="18 Oct 2024 05:28:59 GMT" skipped="0">
  <testcase classname="Loginpage.Incorrect_UP" name="incorrect_UsernameandPassword" time="3.119"/>
</testsuite> <!-- Loginpage.Incorrect_UP -->
